proguard/seeds.txt
com.ecommerce.R$anim: int alpha
com.ecommerce.R$anim: int buttom_in
com.ecommerce.R$anim: int buttom_out
com.ecommerce.R$anim: int fade_in_left
com.ecommerce.R$anim: int fade_in_right
com.ecommerce.R$anim: int fade_in_up
com.ecommerce.R$anim: int fade_out_down
com.ecommerce.R$anim: int fade_out_left
com.ecommerce.R$anim: int fade_out_right
com.ecommerce.R$anim: int imageviewer_zoom_in
com.ecommerce.R$anim: int left_in
com.ecommerce.R$anim: int left_out
com.ecommerce.R$anim: int loading
com.ecommerce.R$anim: int pophidden_anim
com.ecommerce.R$anim: int popshow_anim
com.ecommerce.R$anim: int right_in
com.ecommerce.R$anim: int right_out
com.ecommerce.R$anim: int slide_in
com.ecommerce.R$anim: int slide_in_from_bottom
com.ecommerce.R$anim: int slide_in_from_top
com.ecommerce.R$anim: int slide_out
com.ecommerce.R$anim: int slide_out_to_bottom
com.ecommerce.R$anim: int slide_out_to_top
com.ecommerce.R$attr: int aspectRatioX
com.ecommerce.R$attr: int aspectRatioY
com.ecommerce.R$attr: int borderWidth
com.ecommerce.R$attr: int border_inside_color
com.ecommerce.R$attr: int border_outside_color
com.ecommerce.R$attr: int border_thickness
com.ecommerce.R$attr: int bottom_color
com.ecommerce.R$attr: int bottom_text
com.ecommerce.R$attr: int bottom_textsize
com.ecommerce.R$attr: int distance
com.ecommerce.R$attr: int duration
com.ecommerce.R$attr: int fixAspectRatio
com.ecommerce.R$attr: int guidelines
com.ecommerce.R$attr: int imageResource
com.ecommerce.R$attr: int isEnable
com.ecommerce.R$attr: int itemNumber
com.ecommerce.R$attr: int itemcontent
com.ecommerce.R$attr: int itemheader
com.ecommerce.R$attr: int lineColor
com.ecommerce.R$attr: int maskHight
com.ecommerce.R$attr: int noEmpty
com.ecommerce.R$attr: int normalTextColor
com.ecommerce.R$attr: int normalTextSize
com.ecommerce.R$attr: int ptrAdapterViewBackground
com.ecommerce.R$attr: int ptrAnimationStyle
com.ecommerce.R$attr: int ptrDrawable
com.ecommerce.R$attr: int ptrDrawableBottom
com.ecommerce.R$attr: int ptrDrawableEnd
com.ecommerce.R$attr: int ptrDrawableStart
com.ecommerce.R$attr: int ptrDrawableTop
com.ecommerce.R$attr: int ptrHeaderBackground
com.ecommerce.R$attr: int ptrHeaderSubTextColor
com.ecommerce.R$attr: int ptrHeaderTextAppearance
com.ecommerce.R$attr: int ptrHeaderTextColor
com.ecommerce.R$attr: int ptrListViewExtrasEnabled
com.ecommerce.R$color: int app_bg
com.ecommerce.R$color: int bg
com.ecommerce.R$color: int bisque
com.ecommerce.R$color: int black
com.ecommerce.R$color: int blue
com.ecommerce.R$color: int choose_eara_item_press_color
com.ecommerce.R$color: int contents_text
com.ecommerce.R$color: int delete
com.ecommerce.R$color: int desktop_line
com.ecommerce.R$color: int edit
com.ecommerce.R$color: int encode_view
com.ecommerce.R$color: int green
com.ecommerce.R$color: int greystyle
com.ecommerce.R$color: int help_button_view
com.ecommerce.R$color: int help_view
com.ecommerce.R$color: int item_normal
com.ecommerce.R$color: int item_pressed
com.ecommerce.R$color: int light_blue
com.ecommerce.R$color: int line_bg
com.ecommerce.R$color: int listcolortime
com.ecommerce.R$color: int main_bg
com.ecommerce.R$color: int mm_btn_text
com.ecommerce.R$color: int mm_style_one_btn_text
com.ecommerce.R$color: int mm_style_two_btn_text
com.ecommerce.R$color: int my_inc_summary_color
com.ecommerce.R$color: int nav_tab
com.ecommerce.R$color: int nav_tab_selected
com.ecommerce.R$color: int nav_tab_text_selector
com.ecommerce.R$color: int navpage
com.ecommerce.R$color: int no_data
com.ecommerce.R$color: int popcolor
com.ecommerce.R$color: int popup_main_background
com.ecommerce.R$color: int popwindowitem_color
com.ecommerce.R$color: int possible_result_points
com.ecommerce.R$color: int press
com.ecommerce.R$color: int press_no
com.ecommerce.R$color: int red
...
com.handmark.pulltorefresh.library.PullToRefreshBase$State: com.handmark.pulltorefresh.library.PullToRefreshBase$State[] values()
com.handmark.pulltorefresh.library.PullToRefreshBase$State: com.handmark.pulltorefresh.library.PullToRefreshBase$State valueOf(java.lang.String)
com.handmark.pulltorefresh.library.PullToRefreshExpandableListView: com.handmark.pulltorefresh.library.PullToRefreshBase$Orientation getPullToRefreshScrollDirection()
com.handmark.pulltorefresh.library.PullToRefreshGridView
com.handmark.pulltorefresh.library.PullToRefreshGridView: PullToRefreshGridView(android.content.Context)
com.handmark.pulltorefresh.library.PullToRefreshGridView: PullToRefreshGridView(android.content.Context,android.util.AttributeSet)
com.handmark.pulltorefresh.library.PullToRefreshGridView: PullToRefreshGridView(android.content.Context,com.handmark.pulltorefresh.library.PullToRefreshBase$Mode)
com.handmark.pulltorefresh.library.PullToRefreshGridView: PullToRefreshGridView(android.content.Context,com.handmark.pulltorefresh.library.PullToRefreshBase$Mode,com.handmark.pulltorefresh.library.PullToRefreshBase$AnimationStyle)
com.handmark.pulltorefresh.library.PullToRefreshGridView: com.handmark.pulltorefresh.library.PullToRefreshBase$Orientation getPullToRefreshScrollDirection()
com.handmark.pulltorefresh.library.PullToRefreshHorizontalScrollView: com.handmark.pulltorefresh.library.PullToRefreshBase$Orientation getPullToRefreshScrollDirection()
com.handmark.pulltorefresh.library.PullToRefreshListView
com.handmark.pulltorefresh.library.PullToRefreshListView: PullToRefreshListView(android.content.Context)
com.handmark.pulltorefresh.library.PullToRefreshListView: PullToRefreshListView(android.content.Context,android.util.AttributeSet)
com.handmark.pulltorefresh.library.PullToRefreshListView: PullToRefreshListView(android.content.Context,com.handmark.pulltorefresh.library.PullToRefreshBase$Mode)
com.handmark.pulltorefresh.library.PullToRefreshListView: PullToRefreshListView(android.content.Context,com.handmark.pulltorefresh.library.PullToRefreshBase$Mode,com.handmark.pulltorefresh.library.PullToRefreshBase$AnimationStyle)
com.handmark.pulltorefresh.library.PullToRefreshListView: com.handmark.pulltorefresh.library.PullToRefreshBase$Orientation getPullToRefreshScrollDirection()
com.handmark.pulltorefresh.library.PullToRefreshListView$InternalListView: void setAdapter(android.widget.ListAdapter)
com.handmark.pulltorefresh.library.PullToRefreshListView$InternalListView: void setEmptyView(android.view.View)
com.handmark.pulltorefresh.library.PullToRefreshListView$InternalListView: void setEmptyViewInternal(android.view.View)
com.handmark.pulltorefresh.library.PullToRefreshScrollView: com.handmark.pulltorefresh.library.PullToRefreshBase$Orientation getPullToRefreshScrollDirection()
com.handmark.pulltorefresh.library.PullToRefreshWebView: com.handmark.pulltorefresh.library.PullToRefreshBase$Orientation getPullToRefreshScrollDirection()
com.handmark.pulltorefresh.library.internal.FlipLoadingLayout: int getDefaultDrawableResId()
com.handmark.pulltorefresh.library.internal.FlipLoadingLayout: float getDrawableRotationAngle()