proguard/mapping.txt
com.ecommerce.R -> com.ecommerce.a:
com.ecommerce.R$styleable -> com.ecommerce.b:
    int[] PullToRefresh -> PullToRefresh
    int PullToRefresh_ptrAdapterViewBackground -> PullToRefresh_ptrAdapterViewBackground
    int PullToRefresh_ptrAnimationStyle -> PullToRefresh_ptrAnimationStyle
    int PullToRefresh_ptrDrawable -> PullToRefresh_ptrDrawable
    int PullToRefresh_ptrDrawableBottom -> PullToRefresh_ptrDrawableBottom
    int PullToRefresh_ptrDrawableEnd -> PullToRefresh_ptrDrawableEnd
    int PullToRefresh_ptrDrawableStart -> PullToRefresh_ptrDrawableStart
    int PullToRefresh_ptrDrawableTop -> PullToRefresh_ptrDrawableTop
    int PullToRefresh_ptrHeaderBackground -> PullToRefresh_ptrHeaderBackground
    int PullToRefresh_ptrHeaderSubTextColor -> PullToRefresh_ptrHeaderSubTextColor
    int PullToRefresh_ptrHeaderTextAppearance -> PullToRefresh_ptrHeaderTextAppearance
    int PullToRefresh_ptrHeaderTextColor -> PullToRefresh_ptrHeaderTextColor
    int PullToRefresh_ptrListViewExtrasEnabled -> PullToRefresh_ptrListViewExtrasEnabled
    int PullToRefresh_ptrMode -> PullToRefresh_ptrMode
    int PullToRefresh_ptrOverScroll -> PullToRefresh_ptrOverScroll
    int PullToRefresh_ptrRefreshableViewBackground -> PullToRefresh_ptrRefreshableViewBackground
    int PullToRefresh_ptrRotateDrawableWhilePulling -> PullToRefresh_ptrRotateDrawableWhilePulling
    int PullToRefresh_ptrScrollingWhileRefreshingEnabled -> PullToRefresh_ptrScrollingWhileRefreshingEnabled
com.ecommerce.activity.BaseActivity -> com.ecommerce.activity.a:
    android.widget.ImageView iv_bar_back -> o
    android.widget.TextView tv_bar_title -> p
    android.widget.TextView tv_bar_right -> q
    android.widget.TextView tv_bar_left -> r
    android.view.ViewGroup ll_top_bar -> s
    android.content.BroadcastReceiver mybroad -> n
    void onCreate(android.os.Bundle) -> onCreate
    void init() -> f
    void onDestroy() -> onDestroy
    boolean onKeyDown(int,android.view.KeyEvent) -> onKeyDown
    void setLeftBackButtonVisibility(int) -> c
    void setLeftButtonVisibility(int) -> d
    void setRightButtonVisibility(int) -> e
    void setBarTitleVisibility(int) -> f
    void setBarVisibility(int) -> g
    void setContentView(int) -> setContentView
    void setContentView(android.view.View) -> setContentView
    void setRightButton(int,android.view.View$OnClickListener) -> a
    void setLeftButton(int,android.view.View$OnClickListener) -> b
    void setTitle(int) -> setTitle
    void setTitle(java.lang.CharSequence) -> setTitle
    void setBarBannerVisibility(int) -> h
com.ecommerce.activity.BaseActivity$1 -> com.ecommerce.activity.b:
    com.ecommerce.activity.BaseActivity this$0 -> a
    void onReceive(android.content.Context,android.content.Intent) -> onReceive
com.ecommerce.activity.BaseActivity$2 -> com.ecommerce.activity.c:
    com.ecommerce.activity.BaseActivity this$0 -> a
    void onClick(android.view.View) -> onClick
...
com.tencent.wxop.stat.b.d -> com.tencent.c.a.b.d:
    com.tencent.wxop.stat.b.e cw -> a
    com.tencent.wxop.stat.b.b cx -> d
    java.lang.Integer cy -> b
    java.lang.String c -> c
    org.json.JSONObject cz -> e
    com.tencent.wxop.stat.b.e u(android.content.Context) -> a
    void a(org.json.JSONObject,java.lang.Thread) -> a
com.tencent.wxop.stat.b.e -> com.tencent.c.a.b.e:
    java.lang.String a -> a
    java.lang.String b -> b
    android.util.DisplayMetrics cA -> c
    int L -> d
    java.lang.String M -> e
    java.lang.String ab -> f
    java.lang.String bq -> g
    java.lang.String br -> h
    java.lang.String bs -> i
    java.lang.String bt -> j
    java.lang.String al -> k
    int aQ -> l
    java.lang.String aR -> m
    java.lang.String aS -> n
    android.content.Context cB -> o
    java.lang.String cC -> p
    java.lang.String cD -> q
    java.lang.String cE -> r
    java.lang.String cF -> s
    void a(org.json.JSONObject,java.lang.Thread) -> a
com.tencent.wxop.stat.b.f -> com.tencent.c.a.b.f:
    java.util.concurrent.ExecutorService cG -> a
    void a(java.lang.Runnable) -> a
com.tencent.wxop.stat.b.g -> com.tencent.c.a.b.g:
    byte[] b(byte[]) -> a
    byte[] c(byte[]) -> b
    byte[] a(byte[],byte[]) -> a
com.tencent.wxop.stat.b.h -> com.tencent.c.a.b.h:
    boolean cH -> a
    byte[] d(byte[]) -> a
    byte[] e(byte[]) -> b
com.tencent.wxop.stat.b.i -> com.tencent.c.a.b.i:
    byte[] cI -> a
    int g -> b
com.tencent.wxop.stat.b.j -> com.tencent.c.a.b.j:
    int[] cJ -> c
    int[] cK -> d
    int cu -> e
    int bf -> f
    int[] cL -> g
    boolean a(byte[],int) -> a
com.tencent.wxop.stat.b.k -> com.tencent.c.a.b.k:
    byte[] cM -> h
    byte[] cN -> i
    byte[] cO -> j
    int cp -> c
    int cc -> k
    boolean ba -> d
    boolean bb -> e
    boolean cP -> f
    byte[] cQ -> l
    boolean ad -> g
    boolean a(byte[],int) -> a
com.tencent.wxop.stat.b.l -> com.tencent.c.a.b.l:
    java.lang.String a -> a
    java.lang.String b -> b
    java.lang.String c -> c
    java.lang.String W -> d
    java.util.Random cR -> e
    android.util.DisplayMetrics cS -> f
    java.lang.String bq -> g
    java.lang.String br -> h
    java.lang.String bs -> i
    int bG -> j
    com.tencent.wxop.stat.b.b cT -> k
    java.lang.String cU -> l
    java.lang.String aR -> m
    int bn -> n
    java.lang.String cV -> o
    java.lang.String cC -> p
    long cW -> q
    java.lang.String cE -> r
    com.tencent.wxop.stat.b.o cX -> s
    java.lang.String cY -> t
    int U -> u
    long cZ -> v
    int w -> w
    java.lang.String da -> x
    java.util.Random at() -> i
    int r() -> a
    byte[] b(byte[]) -> a
    java.lang.String t(java.lang.String) -> a
    org.apache.http.HttpHost v(android.content.Context) -> a
    java.lang.String c(android.content.Context) -> b
    java.lang.String w(android.content.Context) -> c
    android.util.DisplayMetrics x(android.content.Context) -> d
    boolean y(android.content.Context) -> e
    java.lang.String z(android.content.Context) -> f
    java.lang.String A(android.content.Context) -> g
    java.lang.String C(android.content.Context) -> h
    java.lang.String D(android.content.Context) -> i
    java.lang.String E(android.content.Context) -> j
    java.lang.Integer F(android.content.Context) -> k
com.tencent.wxop.stat.b.m -> com.tencent.c.a.b.m:
    int r() -> a
    int aA() -> b
    int D() -> c
    java.lang.String ax() -> d
com.tencent.wxop.stat.b.n -> com.tencent.c.a.b.n:
    boolean accept(java.io.File) -> accept
com.tencent.wxop.stat.b.o -> com.tencent.c.a.b.o:
com.tencent.wxop.stat.b.p -> com.tencent.c.a.b.p:
    int aI -> a
    boolean a() -> a