proguard/usage.txt
com.ecommerce.BuildConfig
com.ecommerce.R:
    10:10:public R()
com.ecommerce.R$anim
com.ecommerce.R$attr
com.ecommerce.R$color
com.ecommerce.R$dimen
com.ecommerce.R$drawable
com.ecommerce.R$id
com.ecommerce.R$layout
com.ecommerce.R$menu
com.ecommerce.R$raw
com.ecommerce.R$string
com.ecommerce.R$style
com.ecommerce.R$styleable:
    2356:2356:public R$styleable()
com.ecommerce.activity.AbstractActivity
com.ecommerce.activity.ActivityEventListener
com.ecommerce.activity.BaseActivity:
    140:142:protected void setRightButton(java.lang.String,android.view.View$OnClickListener)
    152:154:protected void setLeftButton(java.lang.String,android.view.View$OnClickListener)
com.ecommerce.activity.DetailActivity:
    620:621:private java.lang.String genOutTradNo()
com.ecommerce.activity.ExitSystemDialog
com.ecommerce.activity.FragmentEventListener
com.ecommerce.activity.HostActivity:
    private android.view.View rootView
com.ecommerce.activity.ModifyPasswordActivity:
    private static final int MSG_WHAT_SMS
com.ecommerce.activity.RegisterActivity:
    private static final int MSG_WHAT_SMS
com.ecommerce.activity.WelcomeActivity:
    42:43:public void initComponents()
    47:47:public void initParameters()
    50:52:public void initData()
    56:65:private void jumpToIntent()
    68:74:public void initPhoneInfo()
com.ecommerce.activity.WelcomeActivity$1
com.ecommerce.activity.earn.EarnGuildAdapter:
    67:67:public java.util.LinkedList getDataList()
    71:72:public void setDataList(java.util.LinkedList)
    79:80:public void addItemFirst(com.ecommerce.model.TEarnGuild)
    83:84:public void removeItem(com.ecommerce.model.TEarnGuild)
com.ecommerce.activity.earn.VipShareActivity:
    304:322:private void shareWebchatText(int,java.lang.String)
    334:341:public void doShareToWX(int,java.lang.String,java.lang.String,java.lang.String,int)
    499:503:private void sendSMS(java.lang.String)
    343:343:static synthetic void access$8(com.ecommerce.activity.earn.VipShareActivity,int,java.lang.String,java.lang.String,java.lang.String,int)
com.ecommerce.activity.earn.VipShareActivity$4
com.ecommerce.activity.main.MainActivity:
    private android.view.ViewGroup rlt_my_income
    private android.view.ViewGroup rlt_vip_share
    private android.view.ViewGroup rlt_order_manager
    private android.view.ViewGroup rlt_goods_list
    private com.ecommerce.service.VipService vipService
    private com.ecommerce.service.AdInfoService adInfoService
    private com.ecommerce.service.DownloadAppService downloadAppService
    113:204:public void initComponents()
    207:210:public void initParameters()
    214:233:public void initData()
    236:253:public void getAdInfoList()
    430:458:private void galleryAutoPlay()
    595:611:private void autoLogin(com.ecommerce.model.TVip)
    643:660:private void getAppRelease()
    90:90:static synthetic com.ecommerce.service.AdInfoService access$5(com.ecommerce.activity.main.MainActivity)
    255:255:static synthetic android.os.Handler access$6(com.ecommerce.activity.main.MainActivity)
    73:73:static synthetic void access$7(com.ecommerce.activity.main.MainActivity,int)
    460:460:static synthetic android.os.Handler access$8(com.ecommerce.activity.main.MainActivity)
    87:87:static synthetic com.ecommerce.service.VipService access$9(com.ecommerce.activity.main.MainActivity)
    613:613:static synthetic android.os.Handler access$10(com.ecommerce.activity.main.MainActivity)
    95:95:static synthetic com.ecommerce.service.DownloadAppService access$11(com.ecommerce.activity.main.MainActivity)
com.ecommerce.activity.main.MainActivity$11
com.ecommerce.activity.main.MainActivity$12
com.ecommerce.activity.main.MainActivity$5
com.ecommerce.activity.main.MainActivity$6
com.ecommerce.activity.main.MainActivity$7
com.ecommerce.activity.main.MainActivity$8
...
com.tencent.open.a.f:
    141:142:public static final void d(java.lang.String,java.lang.String)
com.tencent.open.b:
    17:18:public b(android.content.Context)
com.tencent.open.b.d:
    41:43:public void a(java.lang.String,java.lang.String,java.lang.String,java.lang.String,java.lang.String,java.lang.String)
    58:62:public void a(java.lang.String,java.lang.String,java.lang.String,java.lang.String,java.lang.String,java.lang.String,java.lang.String,java.lang.String)
com.tencent.open.c
com.tencent.open.c$a
com.tencent.open.c.a
com.tencent.open.c.a$a
com.tencent.open.d
com.tencent.open.e
com.tencent.open.e$a
com.tencent.open.qzone.Albums
com.tencent.open.qzone.Albums$AlbumSecurity
com.tencent.open.t.Weibo
com.tencent.open.utils.ApkExternalInfoTool
com.tencent.open.utils.ApkExternalInfoTool$1
com.tencent.open.utils.ApkExternalInfoTool$ApkExternalInfo
com.tencent.open.utils.AsynLoadImgBack:
    public static final int LOAD_IMAGE_COMPLETED
    public static final int LOAD_IMAGE_PATH_NULL
    public static final int LOAD_IMAGE_NO_SDCARD
    public static final int LOAD_IMAGE_IMAGE_FORMAT_ERROR
    public abstract void batchSaved(int,java.util.ArrayList)
com.tencent.open.utils.DataConvert
com.tencent.open.utils.Global:
    46:46:public Global()
    77:80:public static final android.content.SharedPreferences getSharedPreferences(java.lang.String,int)
    111:112:public static int getVersionCode()
com.tencent.open.utils.HttpUtils:
    323:377:public static void requestAsync(com.tencent.connect.auth.QQToken,android.content.Context,java.lang.String,android.os.Bundle,java.lang.String,com.tencent.tauth.IRequestListener)
    868:988:public static org.json.JSONObject upload(com.tencent.connect.auth.QQToken,android.content.Context,java.lang.String,android.os.Bundle)
com.tencent.open.utils.HttpUtils$1:
    324:324:HttpUtils$1(com.tencent.connect.auth.QQToken,android.content.Context,java.lang.String,android.os.Bundle,java.lang.String,com.tencent.tauth.IRequestListener)
com.tencent.open.utils.HttpUtils$HttpStatusException:
    public static final java.lang.String ERROR_INFO
com.tencent.open.utils.HttpUtils$NetworkUnavailableException:
    public static final java.lang.String ERROR_INFO
com.tencent.open.utils.OpenConfig:
    259:261:public long getLong(java.lang.String)
com.tencent.open.utils.ServerSetting:
    public static final int ENVIRONMENT_NORMOL
    public static final int ENVIRONMENT_EXPERIENCE
    public static final java.lang.String KEY_OPEN_SETTING
    public static final java.lang.String KEY_OPEN_ENV
    public static final java.lang.String KEY_HOST_FUSION
    public static final java.lang.String KEY_HOST_APPIC
    public static final java.lang.String KEY_HOST_OPEN_MOBILE
    public static final java.lang.String KEY_HOST_MAPP_QZONE
    public static final java.lang.String KEY_HOST_ANALY
    public static final java.lang.String KEY_HOST_QZAPP_QLOGO
    public static final java.lang.String KEY_HOST_I_GTIMG
    public static final java.lang.String KEY_HOST_APP_SUPPORT
    public static final java.lang.String KEY_HOST_QZS_QQ
    public static final java.lang.String DEFAULT_REDIRECT_URI
    public static final java.lang.String DEFAULT_CGI_AUTHORIZE
    public static final java.lang.String DEFAULT_URL_SEND_STORY
    public static final java.lang.String DEFAULT_URL_INVITE
    public static final java.lang.String DEFAULT_URL_REPORT
    public static final java.lang.String DEFAULT_URL_GRAPH_BASE
    public static final java.lang.String DEFAULT_URL_BRAG
    public static final java.lang.String DEFAULT_URL_ASK
    public static final java.lang.String DEFAULT_URL_GIFT
    public static final java.lang.String DEFAULT_LOCAL_STORAGE_URI
    public static final java.lang.String DEFAULT_URL_VOICE